2021-06-20 17:52:32 0 [Note] InnoDB: Mutexes and rw_locks use Windows interlocked functions
2021-06-20 17:52:32 0 [Note] InnoDB: Uses event mutexes
2021-06-20 17:52:32 0 [Note] InnoDB: Compressed tables use zlib 1.2.11
2021-06-20 17:52:32 0 [Note] InnoDB: Number of pools: 1
2021-06-20 17:52:32 0 [Note] InnoDB: Using SSE2 crc32 instructions
2021-06-20 17:52:32 0 [Note] InnoDB: Initializing buffer pool, total size = 16M, instances = 1, chunk size = 16M
2021-06-20 17:52:32 0 [Note] InnoDB: Completed initialization of buffer pool
2021-06-20 17:52:32 0 [Note] InnoDB: Starting crash recovery from checkpoint LSN=300288
2021-06-20 17:52:33 0 [Note] InnoDB: 128 out of 128 rollback segments are active.
2021-06-20 17:52:33 0 [Note] InnoDB: Removed temporary tablespace data file: "ibtmp1"
2021-06-20 17:52:33 0 [Note] InnoDB: Creating shared tablespace for temporary tables
2021-06-20 17:52:33 0 [Note] InnoDB: Setting file 'C:\xampp\mysql\data\ibtmp1' size to 12 MB. Physically writing the file full; Please wait ...
2021-06-20 17:52:33 0 [Note] InnoDB: File 'C:\xampp\mysql\data\ibtmp1' size is now 12 MB.
2021-06-20 17:52:33 0 [Note] InnoDB: Waiting for purge to start
2021-06-20 17:52:33 0 [Note] InnoDB: 10.4.19 started; log sequence number 300297; transaction id 170
2021-06-20 17:52:33 0 [Note] InnoDB: Loading buffer pool(s) from C:\xampp\mysql\data\ib_buffer_pool
2021-06-20 17:52:33 0 [Note] Plugin 'FEEDBACK' is disabled.
2021-06-20 17:52:33 0 [Note] Server socket created on IP: '::'.
2021-06-20 18:16:06 0 [Note] mysqld.exe: Aria engine: starting recovery
recovered pages: 0% 10% 28% 40% 56% 70% 80% 94% 100% (0.0 seconds); tables to flush: 1 0
 (0.0 seconds); 
2021-06-20 18:16:06 0 [Note] mysqld.exe: Aria engine: recovery done
2021-06-20 18:16:06 0 [Note] InnoDB: Mutexes and rw_locks use Windows interlocked functions
2021-06-20 18:16:06 0 [Note] InnoDB: Uses event mutexes
2021-06-20 18:16:06 0 [Note] InnoDB: Compressed tables use zlib 1.2.11
2021-06-20 18:16:06 0 [Note] InnoDB: Number of pools: 1
2021-06-20 18:16:06 0 [Note] InnoDB: Using SSE2 crc32 instructions
2021-06-20 18:16:06 0 [Note] InnoDB: Initializing buffer pool, total size = 16M, instances = 1, chunk size = 16M
2021-06-20 18:16:06 0 [Note] InnoDB: Completed initialization of buffer pool
2021-06-20 18:16:06 0 [Note] InnoDB: Starting crash recovery from checkpoint LSN=586701
2021-06-20 18:16:06 0 [Note] InnoDB: 128 out of 128 rollback segments are active.
2021-06-20 18:16:06 0 [Note] InnoDB: Removed temporary tablespace data file: "ibtmp1"
2021-06-20 18:16:06 0 [Note] InnoDB: Creating shared tablespace for temporary tables
2021-06-20 18:16:06 0 [Note] InnoDB: Setting file 'C:\xampp\mysql\data\ibtmp1' size to 12 MB. Physically writing the file full; Please wait ...
2021-06-20 18:16:06 0 [Note] InnoDB: File 'C:\xampp\mysql\data\ibtmp1' size is now 12 MB.
2021-06-20 18:16:06 0 [Note] InnoDB: Waiting for purge to start
2021-06-20 18:16:06 0 [Note] InnoDB: 10.4.19 started; log sequence number 586710; transaction id 518
2021-06-20 18:16:06 0 [Note] InnoDB: Loading buffer pool(s) from C:\xampp\mysql\data\ib_buffer_pool
2021-06-20 18:16:06 0 [Note] Plugin 'FEEDBACK' is disabled.
2021-06-20 18:16:06 0 [Note] InnoDB: Buffer pool(s) load completed at 210620 18:16:06
2021-06-20 18:16:06 0 [Note] Server socket created on IP: '::'.
2021-06-20 18:33:15 0 [Note] mysqld.exe: Aria engine: starting recovery
recovered pages: 0% 21% 35% 55% 69% 85% 98% 100% (0.0 seconds); tables to flush: 1 0
 (0.0 seconds); 
2021-06-20 18:33:15 0 [Note] mysqld.exe: Aria engine: recovery done
2021-06-20 18:33:15 0 [Note] InnoDB: Mutexes and rw_locks use Windows interlocked functions
2021-06-20 18:33:15 0 [Note] InnoDB: Uses event mutexes
2021-06-20 18:33:15 0 [Note] InnoDB: Compressed tables use zlib 1.2.11
2021-06-20 18:33:15 0 [Note] InnoDB: Number of pools: 1
2021-06-20 18:33:15 0 [Note] InnoDB: Using SSE2 crc32 instructions
2021-06-20 18:33:15 0 [Note] InnoDB: Initializing buffer pool, total size = 16M, instances = 1, chunk size = 16M
2021-06-20 18:33:15 0 [Note] InnoDB: Completed initialization of buffer pool
2021-06-20 18:33:15 0 [Note] InnoDB: Starting crash recovery from checkpoint LSN=625977
2021-06-20 18:33:15 0 [Note] InnoDB: 128 out of 128 rollback segments are active.
2021-06-20 18:33:15 0 [Note] InnoDB: Removed temporary tablespace data file: "ibtmp1"
2021-06-20 18:33:15 0 [Note] InnoDB: Creating shared tablespace for temporary tables
2021-06-20 18:33:15 0 [Note] InnoDB: Setting file 'C:\xampp\mysql\data\ibtmp1' size to 12 MB. Physically writing the file full; Please wait ...
2021-06-20 18:33:15 0 [Note] InnoDB: File 'C:\xampp\mysql\data\ibtmp1' size is now 12 MB.
2021-06-20 18:33:15 0 [Note] InnoDB: Waiting for purge to start
2021-06-20 18:33:16 0 [Note] InnoDB: 10.4.19 started; log sequence number 625986; transaction id 611
2021-06-20 18:33:16 0 [Note] InnoDB: Loading buffer pool(s) from C:\xampp\mysql\data\ib_buffer_pool
2021-06-20 18:33:16 0 [Note] Plugin 'FEEDBACK' is disabled.
2021-06-20 18:33:16 0 [Note] Server socket created on IP: '::'.
2021-06-20 18:54:26 0 [Note] mysqld.exe: Aria engine: starting recovery
recovered pages: 0% 50% 96% 100% (0.0 seconds); tables to flush: 1 0
 (0.0 seconds); 
2021-06-20 18:54:26 0 [Note] mysqld.exe: Aria engine: recovery done
2021-06-20 18:54:26 0 [Note] InnoDB: Mutexes and rw_locks use Windows interlocked functions
2021-06-20 18:54:26 0 [Note] InnoDB: Uses event mutexes
2021-06-20 18:54:26 0 [Note] InnoDB: Compressed tables use zlib 1.2.11
2021-06-20 18:54:26 0 [Note] InnoDB: Number of pools: 1
2021-06-20 18:54:26 0 [Note] InnoDB: Using SSE2 crc32 instructions
2021-06-20 18:54:26 0 [Note] InnoDB: Initializing buffer pool, total size = 16M, instances = 1, chunk size = 16M
2021-06-20 18:54:26 0 [Note] InnoDB: Completed initialization of buffer pool
2021-06-20 18:54:26 0 [Note] InnoDB: Starting crash recovery from checkpoint LSN=666472
2021-06-20 18:54:26 0 [Note] InnoDB: 128 out of 128 rollback segments are active.
2021-06-20 18:54:26 0 [Note] InnoDB: Removed temporary tablespace data file: "ibtmp1"
2021-06-20 18:54:26 0 [Note] InnoDB: Creating shared tablespace for temporary tables
2021-06-20 18:54:26 0 [Note] InnoDB: Setting file 'C:\xampp\mysql\data\ibtmp1' size to 12 MB. Physically writing the file full; Please wait ...
2021-06-20 18:54:26 0 [Note] InnoDB: File 'C:\xampp\mysql\data\ibtmp1' size is now 12 MB.
2021-06-20 18:54:26 0 [Note] InnoDB: Waiting for purge to start
2021-06-20 18:54:26 0 [Note] InnoDB: 10.4.19 started; log sequence number 666481; transaction id 751
2021-06-20 18:54:26 0 [Note] InnoDB: Loading buffer pool(s) from C:\xampp\mysql\data\ib_buffer_pool
2021-06-20 18:54:26 0 [Note] Plugin 'FEEDBACK' is disabled.
2021-06-20 18:54:26 0 [Note] InnoDB: Buffer pool(s) load completed at 210620 18:54:26
2021-06-20 18:54:26 0 [Note] Server socket created on IP: '::'.
2021-06-20 21:26:27 0 [Note] InnoDB: Mutexes and rw_locks use Windows interlocked functions
2021-06-20 21:26:27 0 [Note] InnoDB: Uses event mutexes
2021-06-20 21:26:27 0 [Note] InnoDB: Compressed tables use zlib 1.2.11
2021-06-20 21:26:27 0 [Note] InnoDB: Number of pools: 1
2021-06-20 21:26:27 0 [Note] InnoDB: Using SSE2 crc32 instructions
2021-06-20 21:26:27 0 [Note] InnoDB: Initializing buffer pool, total size = 16M, instances = 1, chunk size = 16M
2021-06-20 21:26:27 0 [Note] InnoDB: Completed initialization of buffer pool
2021-06-20 21:26:27 0 [Note] InnoDB: Starting crash recovery from checkpoint LSN=723353
2021-06-20 21:26:27 0 [Note] InnoDB: 128 out of 128 rollback segments are active.
2021-06-20 21:26:27 0 [Note] InnoDB: Removed temporary tablespace data file: "ibtmp1"
2021-06-20 21:26:27 0 [Note] InnoDB: Creating shared tablespace for temporary tables
2021-06-20 21:26:27 0 [Note] InnoDB: Setting file 'C:\xampp\mysql\data\ibtmp1' size to 12 MB. Physically writing the file full; Please wait ...
2021-06-20 21:26:27 0 [Note] InnoDB: File 'C:\xampp\mysql\data\ibtmp1' size is now 12 MB.
2021-06-20 21:26:27 0 [Note] InnoDB: Waiting for purge to start
2021-06-20 21:26:27 0 [Note] InnoDB: 10.4.19 started; log sequence number 723362; transaction id 875
2021-06-20 21:26:27 0 [Note] InnoDB: Loading buffer pool(s) from C:\xampp\mysql\data\ib_buffer_pool
2021-06-20 21:26:27 0 [Note] Plugin 'FEEDBACK' is disabled.
2021-06-20 21:26:27 0 [Note] Server socket created on IP: '::'.
2021-06-27 16:53:34 0 [Note] InnoDB: Mutexes and rw_locks use Windows interlocked functions
2021-06-27 16:53:34 0 [Note] InnoDB: Uses event mutexes
2021-06-27 16:53:34 0 [Note] InnoDB: Compressed tables use zlib 1.2.11
2021-06-27 16:53:34 0 [Note] InnoDB: Number of pools: 1
2021-06-27 16:53:34 0 [Note] InnoDB: Using SSE2 crc32 instructions
2021-06-27 16:53:34 0 [Note] InnoDB: Initializing buffer pool, total size = 16M, instances = 1, chunk size = 16M
2021-06-27 16:53:34 0 [Note] InnoDB: Completed initialization of buffer pool
2021-06-27 16:53:34 0 [Note] InnoDB: Starting crash recovery from checkpoint LSN=1016281
2021-06-27 16:53:35 0 [Note] InnoDB: 128 out of 128 rollback segments are active.
2021-06-27 16:53:35 0 [Note] InnoDB: Removed temporary tablespace data file: "ibtmp1"
2021-06-27 16:53:35 0 [Note] InnoDB: Creating shared tablespace for temporary tables
2021-06-27 16:53:35 0 [Note] InnoDB: Setting file 'C:\xampp\mysql\data\ibtmp1' size to 12 MB. Physically writing the file full; Please wait ...
2021-06-27 16:53:35 0 [Note] InnoDB: File 'C:\xampp\mysql\data\ibtmp1' size is now 12 MB.
2021-06-27 16:53:35 0 [Note] InnoDB: Waiting for purge to start
2021-06-27 16:53:35 0 [Note] InnoDB: 10.4.19 started; log sequence number 1016290; transaction id 1364
2021-06-27 16:53:35 0 [Note] InnoDB: Loading buffer pool(s) from C:\xampp\mysql\data\ib_buffer_pool
2021-06-27 16:53:35 0 [Note] Plugin 'FEEDBACK' is disabled.
2021-06-27 16:53:35 0 [Note] InnoDB: Buffer pool(s) load completed at 210627 16:53:35
2021-06-27 16:53:35 0 [Note] Server socket created on IP: '::'.
